<?xml version="1.0" encoding="UTF-8"?>
<testng-results skipped="0" failed="1" ignored="0" total="1" passed="0">
  <reporter-output>
    <line>
      <![CDATA[AssetCreation method ran successfully]]>
    </line>
    <line>
      <![CDATA[<img src="file://.\ScreenShots\testingLeaseYieldSun Oct 15 16-57-35 IST 2017.png" alt=""/>]]>
    </line>
  </reporter-output>
  <suite name="Suite" duration-ms="87796" started-at="2017-10-15T11:26:08Z" finished-at="2017-10-15T11:27:36Z">
    <groups>
    </groups>
    <test name="Test" duration-ms="87796" started-at="2017-10-15T11:26:08Z" finished-at="2017-10-15T11:27:36Z">
      <class name="scenarios.LeaseYieldVerificationTest">
        <test-method status="PASS" signature="openApplication()[pri:0, instance:scenarios.LeaseYieldVerificationTest@15b5592]" name="openApplication" is-config="true" duration-ms="8744" started-at="2017-10-15T16:56:08Z" finished-at="2017-10-15T16:56:17Z">
          <reporter-output>
          </reporter-output>
        </test-method> <!-- openApplication -->
        <test-method status="FAIL" signature="testingLeaseYield()[pri:0, instance:scenarios.LeaseYieldVerificationTest@15b5592]" name="testingLeaseYield" duration-ms="78159" started-at="2017-10-15T16:56:17Z" finished-at="2017-10-15T16:57:35Z">
          <exception class="java.lang.AssertionError">
            <message>
              <![CDATA[customerYeild is not matching expected [28.559905] but found [6.294502]]]>
            </message>
            <full-stacktrace>
              <![CDATA[java.lang.AssertionError: customerYeild is not matching expected [28.559905] but found [6.294502]
	at org.testng.Assert.fail(Assert.java:93)
	at org.testng.Assert.failNotEquals(Assert.java:512)
	at org.testng.Assert.assertEqualsImpl(Assert.java:134)
	at org.testng.Assert.assertEquals(Assert.java:115)
	at org.testng.Assert.assertEquals(Assert.java:189)
	at pom.LeaseAccrualPage.verifyYeild(LeaseAccrualPage.java:53)
	at testscript.testmethods.LeaseYieldVerificationMethod.LeaseYieldVerification(LeaseYieldVerificationMethod.java:128)
	at scenarios.LeaseYieldVerificationTest.testingLeaseYield(LeaseYieldVerificationTest.java:25)
	at sun.reflect.NativeMethodAccessorImpl.invoke0(Native Method)
	at sun.reflect.NativeMethodAccessorImpl.invoke(NativeMethodAccessorImpl.java:62)
	at sun.reflect.DelegatingMethodAccessorImpl.invoke(DelegatingMethodAccessorImpl.java:43)
	at java.lang.reflect.Method.invoke(Method.java:498)
	at org.testng.internal.MethodInvocationHelper.invokeMethod(MethodInvocationHelper.java:108)
	at org.testng.internal.Invoker.invokeMethod(Invoker.java:661)
	at org.testng.internal.Invoker.invokeTestMethod(Invoker.java:869)
	at org.testng.internal.Invoker.invokeTestMethods(Invoker.java:1193)
	at org.testng.internal.TestMethodWorker.invokeTestMethods(TestMethodWorker.java:126)
	at org.testng.internal.TestMethodWorker.run(TestMethodWorker.java:109)
	at org.testng.TestRunner.privateRun(TestRunner.java:744)
	at org.testng.TestRunner.run(TestRunner.java:602)
	at org.testng.SuiteRunner.runTest(SuiteRunner.java:380)
	at org.testng.SuiteRunner.runSequentially(SuiteRunner.java:375)
	at org.testng.SuiteRunner.privateRun(SuiteRunner.java:340)
	at org.testng.SuiteRunner.run(SuiteRunner.java:289)
	at org.testng.SuiteRunnerWorker.runSuite(SuiteRunnerWorker.java:52)
	at org.testng.SuiteRunnerWorker.run(SuiteRunnerWorker.java:86)
	at org.testng.TestNG.runSuitesSequentially(TestNG.java:1301)
	at org.testng.TestNG.runSuitesLocally(TestNG.java:1226)
	at org.testng.TestNG.runSuites(TestNG.java:1144)
	at org.testng.TestNG.run(TestNG.java:1115)
	at org.testng.remote.AbstractRemoteTestNG.run(AbstractRemoteTestNG.java:132)
	at org.testng.remote.RemoteTestNG.initAndRun(RemoteTestNG.java:230)
	at org.testng.remote.RemoteTestNG.main(RemoteTestNG.java:76)
]]>
            </full-stacktrace>
          </exception> <!-- java.lang.AssertionError -->
          <reporter-output>
            <line>
              <![CDATA[AssetCreation method ran successfully]]>
            </line>
          </reporter-output>
        </test-method> <!-- testingLeaseYield -->
        <test-method status="PASS" signature="closeApplication(org.testng.ITestResult)[pri:0, instance:scenarios.LeaseYieldVerificationTest@15b5592]" name="closeApplication" is-config="true" duration-ms="873" started-at="2017-10-15T16:57:35Z" finished-at="2017-10-15T16:57:36Z">
          <params>
            <param index="0">
              <value>
                <![CDATA[[TestResult name=testingLeaseYield status=FAILURE method=LeaseYieldVerificationTest.testingLeaseYield()[pri:0, instance:scenarios.LeaseYieldVerificationTest@15b5592] output=AssetCreation method ran successfully]]]>
              </value>
            </param>
          </params>
          <reporter-output>
            <line>
              <![CDATA[<img src="file://.\ScreenShots\testingLeaseYieldSun Oct 15 16-57-35 IST 2017.png" alt=""/>]]>
            </line>
          </reporter-output>
        </test-method> <!-- closeApplication -->
      </class> <!-- scenarios.LeaseYieldVerificationTest -->
    </test> <!-- Test -->
  </suite> <!-- Suite -->
</testng-results>
